<?xml version="1.0" encoding="UTF-8"?>
<testsuite name="com.remirobert.ApiRssApplicationTests" tests="1" skipped="0" failures="0" errors="0" timestamp="2017-01-03T09:27:15" hostname="Remis-MacBook-Pro.local" time="0.017">
  <properties/>
  <testcase name="contextLoads" classname="com.remirobert.ApiRssApplicationTests" time="0.017"/>
  <system-out><![CDATA[10:27:09.754 [Test worker] DEBUG org.springframework.test.context.junit4.SpringJUnit4ClassRunner - SpringJUnit4ClassRunner constructor called with [class com.remirobert.ApiRssApplicationTests]
10:27:09.762 [Test worker] DEBUG org.springframework.test.context.BootstrapUtils - Instantiating CacheAwareContextLoaderDelegate from class [org.springframework.test.context.cache.DefaultCacheAwareContextLoaderDelegate]
10:27:09.773 [Test worker] DEBUG org.springframework.test.context.BootstrapUtils - Instantiating BootstrapContext using constructor [public org.springframework.test.context.support.DefaultBootstrapContext(java.lang.Class,org.springframework.test.context.CacheAwareContextLoaderDelegate)]
10:27:09.788 [Test worker] DEBUG org.springframework.test.context.BootstrapUtils - Instantiating TestContextBootstrapper for test class [com.remirobert.ApiRssApplicationTests] from class [org.springframework.boot.test.context.SpringBootTestContextBootstrapper]
10:27:09.804 [Test worker] INFO org.springframework.boot.test.context.SpringBootTestContextBootstrapper - Neither @ContextConfiguration nor @ContextHierarchy found for test class [com.remirobert.ApiRssApplicationTests], using SpringBootContextLoader
10:27:09.810 [Test worker] DEBUG org.springframework.test.context.support.AbstractContextLoader - Did not detect default resource location for test class [com.remirobert.ApiRssApplicationTests]: class path resource [com/remirobert/ApiRssApplicationTests-context.xml] does not exist
10:27:09.811 [Test worker] DEBUG org.springframework.test.context.support.AbstractContextLoader - Did not detect default resource location for test class [com.remirobert.ApiRssApplicationTests]: class path resource [com/remirobert/ApiRssApplicationTestsContext.groovy] does not exist
10:27:09.811 [Test worker] INFO org.springframework.test.context.support.AbstractContextLoader - Could not detect default resource locations for test class [com.remirobert.ApiRssApplicationTests]: no resource found for suffixes {-context.xml, Context.groovy}.
10:27:09.813 [Test worker] INFO org.springframework.test.context.support.AnnotationConfigContextLoaderUtils - Could not detect default configuration classes for test class [com.remirobert.ApiRssApplicationTests]: ApiRssApplicationTests does not declare any static, non-private, non-final, nested classes annotated with @Configuration.
10:27:09.865 [Test worker] DEBUG org.springframework.test.context.support.ActiveProfilesUtils - Could not find an 'annotation declaring class' for annotation type [org.springframework.test.context.ActiveProfiles] and class [com.remirobert.ApiRssApplicationTests]
10:27:09.876 [Test worker] DEBUG org.springframework.core.env.StandardEnvironment - Adding [systemProperties] PropertySource with lowest search precedence
10:27:09.878 [Test worker] DEBUG org.springframework.core.env.StandardEnvironment - Adding [systemEnvironment] PropertySource with lowest search precedence
10:27:09.878 [Test worker] DEBUG org.springframework.core.env.StandardEnvironment - Initialized StandardEnvironment with PropertySources [systemProperties,systemEnvironment]
10:27:09.892 [Test worker] DEBUG org.springframework.core.io.support.PathMatchingResourcePatternResolver - Resolved classpath location [com/remirobert/] to resources [URL [file:/Users/remirobert/Downloads/demo-2/build/classes/test/com/remirobert/], URL [file:/Users/remirobert/Downloads/demo-2/build/classes/main/com/remirobert/]]
10:27:09.893 [Test worker] DEBUG org.springframework.core.io.support.PathMatchingResourcePatternResolver - Looking for matching resources in directory tree [/Users/remirobert/Downloads/demo-2/build/classes/test/com/remirobert]
10:27:09.893 [Test worker] DEBUG org.springframework.core.io.support.PathMatchingResourcePatternResolver - Searching directory [/Users/remirobert/Downloads/demo-2/build/classes/test/com/remirobert] for files matching pattern [/Users/remirobert/Downloads/demo-2/build/classes/test/com/remirobert/*.class]
10:27:09.900 [Test worker] DEBUG org.springframework.core.io.support.PathMatchingResourcePatternResolver - Looking for matching resources in directory tree [/Users/remirobert/Downloads/demo-2/build/classes/main/com/remirobert]
10:27:09.901 [Test worker] DEBUG org.springframework.core.io.support.PathMatchingResourcePatternResolver - Searching directory [/Users/remirobert/Downloads/demo-2/build/classes/main/com/remirobert] for files matching pattern [/Users/remirobert/Downloads/demo-2/build/classes/main/com/remirobert/*.class]
10:27:09.904 [Test worker] DEBUG org.springframework.core.io.support.PathMatchingResourcePatternResolver - Resolved location pattern [classpath*:com/remirobert/*.class] to resources [file [/Users/remirobert/Downloads/demo-2/build/classes/test/com/remirobert/ApiRssApplicationTests.class], file [/Users/remirobert/Downloads/demo-2/build/classes/main/com/remirobert/ApiRssApplication.class], file [/Users/remirobert/Downloads/demo-2/build/classes/main/com/remirobert/AuthorizationController.class], file [/Users/remirobert/Downloads/demo-2/build/classes/main/com/remirobert/AuthorizationException.class], file [/Users/remirobert/Downloads/demo-2/build/classes/main/com/remirobert/AuthorizationRequired.class], file [/Users/remirobert/Downloads/demo-2/build/classes/main/com/remirobert/ErrorController.class], file [/Users/remirobert/Downloads/demo-2/build/classes/main/com/remirobert/HelloController.class], file [/Users/remirobert/Downloads/demo-2/build/classes/main/com/remirobert/RequestHandlerInterceptor.class], file [/Users/remirobert/Downloads/demo-2/build/classes/main/com/remirobert/Token.class], file [/Users/remirobert/Downloads/demo-2/build/classes/main/com/remirobert/TokenExpiredException.class], file [/Users/remirobert/Downloads/demo-2/build/classes/main/com/remirobert/TokenRepository.class], file [/Users/remirobert/Downloads/demo-2/build/classes/main/com/remirobert/TokenUtils.class], file [/Users/remirobert/Downloads/demo-2/build/classes/main/com/remirobert/User.class], file [/Users/remirobert/Downloads/demo-2/build/classes/main/com/remirobert/WebConfiguration.class]]
10:27:09.977 [Test worker] DEBUG org.springframework.context.annotation.ClassPathScanningCandidateComponentProvider - Identified candidate component class: file [/Users/remirobert/Downloads/demo-2/build/classes/main/com/remirobert/ApiRssApplication.class]
10:27:10.005 [Test worker] INFO org.springframework.boot.test.context.SpringBootTestContextBootstrapper - Found @SpringBootConfiguration com.remirobert.ApiRssApplication for test class com.remirobert.ApiRssApplicationTests
10:27:10.010 [Test worker] DEBUG org.springframework.boot.test.context.SpringBootTestContextBootstrapper - @TestExecutionListeners is not present for class [com.remirobert.ApiRssApplicationTests]: using defaults.
10:27:10.015 [Test worker] INFO org.springframework.boot.test.context.SpringBootTestContextBootstrapper - Loaded default TestExecutionListener class names from location [META-INF/spring.factories]: [org.springframework.boot.test.mock.mockito.MockitoTestExecutionListener, org.springframework.boot.test.mock.mockito.ResetMocksTestExecutionListener, org.springframework.boot.test.autoconfigure.restdocs.RestDocsTestExecutionListener, org.springframework.boot.test.autoconfigure.web.client.MockRestServiceServerResetTestExecutionListener, org.springframework.boot.test.autoconfigure.web.servlet.MockMvcPrintOnlyOnFailureTestExecutionListener, org.springframework.boot.test.autoconfigure.web.servlet.WebDriverTestExecutionListener, org.springframework.test.context.web.ServletTestExecutionListener, org.springframework.test.context.support.DirtiesContextBeforeModesTestExecutionListener, org.springframework.test.context.support.DependencyInjectionTestExecutionListener, org.springframework.test.context.support.DirtiesContextTestExecutionListener, org.springframework.test.context.transaction.TransactionalTestExecutionListener, org.springframework.test.context.jdbc.SqlScriptsTestExecutionListener]
10:27:10.034 [Test worker] INFO org.springframework.boot.test.context.SpringBootTestContextBootstrapper - Using TestExecutionListeners: [org.springframework.test.context.web.ServletTestExecutionListener@5696d102, org.springframework.test.context.support.DirtiesContextBeforeModesTestExecutionListener@2d14a2f3, org.springframework.boot.test.autoconfigure.SpringBootDependencyInjectionTestExecutionListener@12afde0a, org.springframework.test.context.support.DirtiesContextTestExecutionListener@5011d4d, org.springframework.test.context.transaction.TransactionalTestExecutionListener@65ffd22e, org.springframework.test.context.jdbc.SqlScriptsTestExecutionListener@6df4e758, org.springframework.boot.test.mock.mockito.ResetMocksTestExecutionListener@1473b62, org.springframework.boot.test.autoconfigure.web.servlet.MockMvcPrintOnlyOnFailureTestExecutionListener@c21b572, org.springframework.boot.test.autoconfigure.web.client.MockRestServiceServerResetTestExecutionListener@17d4787a, org.springframework.boot.test.autoconfigure.restdocs.RestDocsTestExecutionListener@5dd083ff, org.springframework.boot.test.autoconfigure.web.servlet.WebDriverTestExecutionListener@65f43f0c, org.springframework.boot.test.mock.mockito.MockitoTestExecutionListener@647f8ce5]
10:27:10.037 [Test worker] DEBUG org.springframework.test.annotation.ProfileValueUtils - Retrieved @ProfileValueSourceConfiguration [null] for test class [com.remirobert.ApiRssApplicationTests]
10:27:10.037 [Test worker] DEBUG org.springframework.test.annotation.ProfileValueUtils - Retrieved ProfileValueSource type [class org.springframework.test.annotation.SystemProfileValueSource] for class [com.remirobert.ApiRssApplicationTests]
10:27:10.038 [Test worker] DEBUG org.springframework.test.annotation.ProfileValueUtils - Retrieved @ProfileValueSourceConfiguration [null] for test class [com.remirobert.ApiRssApplicationTests]
10:27:10.038 [Test worker] DEBUG org.springframework.test.annotation.ProfileValueUtils - Retrieved ProfileValueSource type [class org.springframework.test.annotation.SystemProfileValueSource] for class [com.remirobert.ApiRssApplicationTests]
10:27:10.043 [Test worker] DEBUG org.springframework.test.context.support.AbstractDirtiesContextTestExecutionListener - Before test class: context [DefaultTestContext@1aa02a9e testClass = ApiRssApplicationTests, testInstance = [null], testMethod = [null], testException = [null], mergedContextConfiguration = [WebMergedContextConfiguration@46676554 testClass = ApiRssApplicationTests, locations = '{}', classes = '{class com.remirobert.ApiRssApplication}', contextInitializerClasses = '[]', activeProfiles = '{}', propertySourceLocations = '{}', propertySourceProperties = '{org.springframework.boot.test.context.SpringBootTestContextBootstrapper=true}', contextCustomizers = set[org.springframework.boot.test.context.SpringBootTestContextCustomizer@29128e45, org.springframework.boot.test.context.filter.ExcludeFilterContextCustomizer@732c33c0, org.springframework.boot.test.mock.mockito.MockitoContextCustomizer@0, org.springframework.boot.test.autoconfigure.properties.PropertyMappingContextCustomizer@0, org.springframework.boot.test.autoconfigure.web.servlet.WebDriverContextCustomizerFactory$Customizer@4f195837], resourceBasePath = 'src/main/webapp', contextLoader = 'org.springframework.boot.test.context.SpringBootContextLoader', parent = [null]]], class annotated with @DirtiesContext [false] with mode [null].
10:27:10.044 [Test worker] DEBUG org.springframework.test.annotation.ProfileValueUtils - Retrieved @ProfileValueSourceConfiguration [null] for test class [com.remirobert.ApiRssApplicationTests]
10:27:10.044 [Test worker] DEBUG org.springframework.test.annotation.ProfileValueUtils - Retrieved ProfileValueSource type [class org.springframework.test.annotation.SystemProfileValueSource] for class [com.remirobert.ApiRssApplicationTests]
10:27:10.101 [Test worker] DEBUG org.springframework.core.env.StandardEnvironment - Adding [systemProperties] PropertySource with lowest search precedence
10:27:10.102 [Test worker] DEBUG org.springframework.core.env.StandardEnvironment - Adding [systemEnvironment] PropertySource with lowest search precedence
10:27:10.102 [Test worker] DEBUG org.springframework.core.env.StandardEnvironment - Initialized StandardEnvironment with PropertySources [systemProperties,systemEnvironment]
10:27:10.104 [Test worker] DEBUG org.springframework.test.context.support.TestPropertySourceUtils - Adding inlined properties to environment: {spring.jmx.enabled=false, org.springframework.boot.test.context.SpringBootTestContextBootstrapper=true, server.port=-1}
10:27:10.104 [Test worker] DEBUG org.springframework.core.env.StandardEnvironment - Adding [Inlined Test Properties] PropertySource with highest search precedence

  .   ____          _            __ _ _
 /\\ / ___'_ __ _ _(_)_ __  __ _ \ \ \ \
( ( )\___ | '_ | '_| | '_ \/ _` | \ \ \ \
 \\/  ___)| |_)| | | | | || (_| |  ) ) ) )
  '  |____| .__|_| |_|_| |_\__, | / / / /
 =========|_|==============|___/=/_/_/_/
 :: Spring Boot ::        (v1.4.3.RELEASE)

2017-01-03 10:27:10.676  INFO 84363 --- [    Test worker] com.remirobert.ApiRssApplicationTests    : Starting ApiRssApplicationTests on Remis-MacBook-Pro.local with PID 84363 (started by remirobert in /Users/remirobert/Downloads/demo-2)
2017-01-03 10:27:10.678  INFO 84363 --- [    Test worker] com.remirobert.ApiRssApplicationTests    : No active profile set, falling back to default profiles: default
2017-01-03 10:27:11.130  INFO 84363 --- [    Test worker] o.s.w.c.s.GenericWebApplicationContext   : Refreshing org.springframework.web.context.support.GenericWebApplicationContext@57cded0d: startup date [Tue Jan 03 10:27:11 CET 2017]; root of context hierarchy
2017-01-03 10:27:13.345  INFO 84363 --- [    Test worker] org.mongodb.driver.cluster               : Cluster created with settings {hosts=[localhost:27017], mode=SINGLE, requiredClusterType=UNKNOWN, serverSelectionTimeout='30000 ms', maxWaitQueueSize=500}
2017-01-03 10:27:13.441  INFO 84363 --- [localhost:27017] org.mongodb.driver.connection            : Opened connection [connectionId{localValue:1, serverValue:74}] to localhost:27017
2017-01-03 10:27:13.444  INFO 84363 --- [localhost:27017] org.mongodb.driver.cluster               : Monitor thread successfully connected to server with description ServerDescription{address=localhost:27017, type=STANDALONE, state=CONNECTED, ok=true, version=ServerVersion{versionList=[3, 2, 0]}, minWireVersion=0, maxWireVersion=4, maxDocumentSize=16777216, roundTripTimeNanos=1130860}
2017-01-03 10:27:14.461  INFO 84363 --- [    Test worker] s.w.s.m.m.a.RequestMappingHandlerAdapter : Looking for @ControllerAdvice: org.springframework.web.context.support.GenericWebApplicationContext@57cded0d: startup date [Tue Jan 03 10:27:11 CET 2017]; root of context hierarchy
configuration web register interceptor
2017-01-03 10:27:14.616  INFO 84363 --- [    Test worker] s.w.s.m.m.a.RequestMappingHandlerMapping : Mapped "{[/register],methods=[GET]}" onto public java.lang.String com.remirobert.AuthorizationController.hello()
2017-01-03 10:27:14.618  INFO 84363 --- [    Test worker] s.w.s.m.m.a.RequestMappingHandlerMapping : Mapped "{[/home],methods=[GET],produces=[application/json]}" onto public java.lang.String com.remirobert.HelloController.hello()
2017-01-03 10:27:14.621  INFO 84363 --- [    Test worker] s.w.s.m.m.a.RequestMappingHandlerMapping : Mapped "{[/error]}" onto public org.springframework.http.ResponseEntity<java.util.Map<java.lang.String, java.lang.Object>> org.springframework.boot.autoconfigure.web.BasicErrorController.error(javax.servlet.http.HttpServletRequest)
2017-01-03 10:27:14.622  INFO 84363 --- [    Test worker] s.w.s.m.m.a.RequestMappingHandlerMapping : Mapped "{[/error],produces=[text/html]}" onto public org.springframework.web.servlet.ModelAndView org.springframework.boot.autoconfigure.web.BasicErrorController.errorHtml(javax.servlet.http.HttpServletRequest,javax.servlet.http.HttpServletResponse)
2017-01-03 10:27:14.656  INFO 84363 --- [    Test worker] o.s.w.s.handler.SimpleUrlHandlerMapping  : Mapped URL path [/webjars/**] onto handler of type [class org.springframework.web.servlet.resource.ResourceHttpRequestHandler]
2017-01-03 10:27:14.656  INFO 84363 --- [    Test worker] o.s.w.s.handler.SimpleUrlHandlerMapping  : Mapped URL path [/**] onto handler of type [class org.springframework.web.servlet.resource.ResourceHttpRequestHandler]
2017-01-03 10:27:14.679  INFO 84363 --- [    Test worker] .m.m.a.ExceptionHandlerExceptionResolver : Detected @ExceptionHandler methods in errorController
2017-01-03 10:27:14.710  INFO 84363 --- [    Test worker] o.s.w.s.handler.SimpleUrlHandlerMapping  : Mapped URL path [/**/favicon.ico] onto handler of type [class org.springframework.web.servlet.resource.ResourceHttpRequestHandler]
2017-01-03 10:27:15.490  INFO 84363 --- [    Test worker] com.remirobert.ApiRssApplicationTests    : Started ApiRssApplicationTests in 5.371 seconds (JVM running for 6.491)
]]></system-out>
  <system-err><![CDATA[]]></system-err>
</testsuite>
